<?xml version="1.0" encoding="UTF-8"?>
<!-- Generated by org.testng.reporters.JUnitReportReporter -->
<testsuite hostname="DESKTOP-I3BGM4H" failures="0" tests="1" name="com.testautomation.apitesting.tests.BasicAuth" time="3.067" errors="0" timestamp="2023-12-31T12:28:33 IST" skipped="0">
  <testcase classname="com.testautomation.apitesting.tests.BasicAuth" name="basicAuthAPITest" time="3.067"/>
  <system-out/>
</testsuite> <!-- com.testautomation.apitesting.tests.BasicAuth -->
