<?xml version="1.0" encoding="UTF-8"?>
<!-- Generated by org.testng.reporters.JUnitReportReporter -->
<testsuite hostname="DESKTOP-I3BGM4H" failures="0" tests="1" name="com.testautomation.apitesting.tests.PostAPIRequest" time="5.866" errors="0" timestamp="2023-12-31T12:32:42 IST" skipped="0">
  <testcase classname="com.testautomation.apitesting.tests.PostAPIRequest" name="createBooking" time="5.866"/>
  <system-out/>
</testsuite> <!-- com.testautomation.apitesting.tests.PostAPIRequest -->
