<?xml version="1.0" encoding="UTF-8"?>
<!-- Generated by org.testng.reporters.JUnitReportReporter -->
<testsuite hostname="DESKTOP-I3BGM4H" failures="0" tests="1" name="com.testautomation.apitesting.tests.BasicAuth" time="2.902" errors="0" timestamp="2024-01-10T16:33:28 IST" skipped="0">
  <testcase classname="com.testautomation.apitesting.tests.BasicAuth" name="basicAuthAPITest" time="2.902"/>
  <system-out/>
</testsuite> <!-- com.testautomation.apitesting.tests.BasicAuth -->
